ARM GAS  /var/folders/2p/02m_5p7958535cp2tpgps0400000gn/T//ccuqllo6.s 			page 1


   1              		.cpu cortex-m7
   2              		.arch armv7e-m
   3              		.fpu fpv5-d16
   4              		.eabi_attribute 28, 1
   5              		.eabi_attribute 23, 1
   6              		.eabi_attribute 24, 1
   7              		.eabi_attribute 25, 1
   8              		.eabi_attribute 26, 1
   9              		.eabi_attribute 30, 2
  10              		.eabi_attribute 34, 1
  11              		.eabi_attribute 18, 4
  12              		.file	"ff_gen_drv.c"
  13              		.text
  14              	.Ltext0:
  15              		.cfi_sections	.debug_frame
  16              		.section	.text.FATFS_LinkDriverEx,"ax",%progbits
  17              		.align	1
  18              		.p2align 2,,3
  19              		.global	FATFS_LinkDriverEx
  20              		.syntax unified
  21              		.thumb
  22              		.thumb_func
  24              	FATFS_LinkDriverEx:
  25              	.LVL0:
  26              	.LFB320:
  27              		.file 1 "../libDaisy/Middlewares/Third_Party/FatFs/src/ff_gen_drv.c"
   1:../libDaisy/Middlewares/Third_Party/FatFs/src/ff_gen_drv.c **** /**
   2:../libDaisy/Middlewares/Third_Party/FatFs/src/ff_gen_drv.c ****   ******************************************************************************
   3:../libDaisy/Middlewares/Third_Party/FatFs/src/ff_gen_drv.c ****   * @file    ff_gen_drv.c
   4:../libDaisy/Middlewares/Third_Party/FatFs/src/ff_gen_drv.c ****   * @author  MCD Application Team
   5:../libDaisy/Middlewares/Third_Party/FatFs/src/ff_gen_drv.c ****   * @brief   FatFs generic low level driver.
   6:../libDaisy/Middlewares/Third_Party/FatFs/src/ff_gen_drv.c ****   *****************************************************************************
   7:../libDaisy/Middlewares/Third_Party/FatFs/src/ff_gen_drv.c ****   * @attention
   8:../libDaisy/Middlewares/Third_Party/FatFs/src/ff_gen_drv.c ****   *
   9:../libDaisy/Middlewares/Third_Party/FatFs/src/ff_gen_drv.c ****   * Copyright (c) 2017 STMicroelectronics. All rights reserved.
  10:../libDaisy/Middlewares/Third_Party/FatFs/src/ff_gen_drv.c ****   *
  11:../libDaisy/Middlewares/Third_Party/FatFs/src/ff_gen_drv.c ****   * This software component is licensed by ST under BSD 3-Clause license,
  12:../libDaisy/Middlewares/Third_Party/FatFs/src/ff_gen_drv.c ****   * the "License"; You may not use this file except in compliance with the
  13:../libDaisy/Middlewares/Third_Party/FatFs/src/ff_gen_drv.c ****   * License. You may obtain a copy of the License at:
  14:../libDaisy/Middlewares/Third_Party/FatFs/src/ff_gen_drv.c ****   *                       opensource.org/licenses/BSD-3-Clause
  15:../libDaisy/Middlewares/Third_Party/FatFs/src/ff_gen_drv.c ****   *
  16:../libDaisy/Middlewares/Third_Party/FatFs/src/ff_gen_drv.c ****   ******************************************************************************
  17:../libDaisy/Middlewares/Third_Party/FatFs/src/ff_gen_drv.c **** **/
  18:../libDaisy/Middlewares/Third_Party/FatFs/src/ff_gen_drv.c **** /* Includes ------------------------------------------------------------------*/
  19:../libDaisy/Middlewares/Third_Party/FatFs/src/ff_gen_drv.c **** #include "ff_gen_drv.h"
  20:../libDaisy/Middlewares/Third_Party/FatFs/src/ff_gen_drv.c **** 
  21:../libDaisy/Middlewares/Third_Party/FatFs/src/ff_gen_drv.c **** /* Private typedef -----------------------------------------------------------*/
  22:../libDaisy/Middlewares/Third_Party/FatFs/src/ff_gen_drv.c **** /* Private define ------------------------------------------------------------*/
  23:../libDaisy/Middlewares/Third_Party/FatFs/src/ff_gen_drv.c **** /* Private variables ---------------------------------------------------------*/
  24:../libDaisy/Middlewares/Third_Party/FatFs/src/ff_gen_drv.c **** Disk_drvTypeDef disk = {{0},{0},{0},0};
  25:../libDaisy/Middlewares/Third_Party/FatFs/src/ff_gen_drv.c **** 
  26:../libDaisy/Middlewares/Third_Party/FatFs/src/ff_gen_drv.c **** /* Private function prototypes -----------------------------------------------*/
  27:../libDaisy/Middlewares/Third_Party/FatFs/src/ff_gen_drv.c **** /* Private functions ---------------------------------------------------------*/
  28:../libDaisy/Middlewares/Third_Party/FatFs/src/ff_gen_drv.c **** 
  29:../libDaisy/Middlewares/Third_Party/FatFs/src/ff_gen_drv.c **** /**
  30:../libDaisy/Middlewares/Third_Party/FatFs/src/ff_gen_drv.c ****   * @brief  Links a compatible diskio driver/lun id and increments the number of active
  31:../libDaisy/Middlewares/Third_Party/FatFs/src/ff_gen_drv.c ****   *         linked drivers.
ARM GAS  /var/folders/2p/02m_5p7958535cp2tpgps0400000gn/T//ccuqllo6.s 			page 2


  32:../libDaisy/Middlewares/Third_Party/FatFs/src/ff_gen_drv.c ****   * @note   The number of linked drivers (volumes) is up to 10 due to FatFs limits.
  33:../libDaisy/Middlewares/Third_Party/FatFs/src/ff_gen_drv.c ****   * @param  drv: pointer to the disk IO Driver structure
  34:../libDaisy/Middlewares/Third_Party/FatFs/src/ff_gen_drv.c ****   * @param  path: pointer to the logical drive path
  35:../libDaisy/Middlewares/Third_Party/FatFs/src/ff_gen_drv.c ****   * @param  lun : only used for USB Key Disk to add multi-lun management
  36:../libDaisy/Middlewares/Third_Party/FatFs/src/ff_gen_drv.c ****             else the parameter must be equal to 0
  37:../libDaisy/Middlewares/Third_Party/FatFs/src/ff_gen_drv.c ****   * @retval Returns 0 in case of success, otherwise 1.
  38:../libDaisy/Middlewares/Third_Party/FatFs/src/ff_gen_drv.c ****   */
  39:../libDaisy/Middlewares/Third_Party/FatFs/src/ff_gen_drv.c **** uint8_t FATFS_LinkDriverEx(const Diskio_drvTypeDef *drv, char *path, uint8_t lun)
  40:../libDaisy/Middlewares/Third_Party/FatFs/src/ff_gen_drv.c **** {
  28              		.loc 1 40 1 view -0
  29              		.cfi_startproc
  30              		@ args = 0, pretend = 0, frame = 0
  31              		@ frame_needed = 0, uses_anonymous_args = 0
  41:../libDaisy/Middlewares/Third_Party/FatFs/src/ff_gen_drv.c ****   uint8_t ret = 1;
  32              		.loc 1 41 3 view .LVU1
  42:../libDaisy/Middlewares/Third_Party/FatFs/src/ff_gen_drv.c ****   uint8_t DiskNum = 0;
  33              		.loc 1 42 3 view .LVU2
  43:../libDaisy/Middlewares/Third_Party/FatFs/src/ff_gen_drv.c **** 
  44:../libDaisy/Middlewares/Third_Party/FatFs/src/ff_gen_drv.c ****   if(disk.nbr < _VOLUMES)
  34              		.loc 1 44 3 view .LVU3
  35              		.loc 1 44 10 is_stmt 0 view .LVU4
  36 0000 134B     		ldr	r3, .L10
  37 0002 93F80EC0 		ldrb	ip, [r3, #14]	@ zero_extendqisi2
  38              		.loc 1 44 5 view .LVU5
  39 0006 BCF1010F 		cmp	ip, #1
  40 000a 01D9     		bls	.L9
  41:../libDaisy/Middlewares/Third_Party/FatFs/src/ff_gen_drv.c ****   uint8_t DiskNum = 0;
  41              		.loc 1 41 11 view .LVU6
  42 000c 0120     		movs	r0, #1
  43              	.LVL1:
  45:../libDaisy/Middlewares/Third_Party/FatFs/src/ff_gen_drv.c ****   {
  46:../libDaisy/Middlewares/Third_Party/FatFs/src/ff_gen_drv.c ****     disk.is_initialized[disk.nbr] = 0;
  47:../libDaisy/Middlewares/Third_Party/FatFs/src/ff_gen_drv.c ****     disk.drv[disk.nbr] = drv;
  48:../libDaisy/Middlewares/Third_Party/FatFs/src/ff_gen_drv.c ****     disk.lun[disk.nbr] = lun;
  49:../libDaisy/Middlewares/Third_Party/FatFs/src/ff_gen_drv.c ****     DiskNum = disk.nbr++;
  50:../libDaisy/Middlewares/Third_Party/FatFs/src/ff_gen_drv.c ****     path[0] = DiskNum + '0';
  51:../libDaisy/Middlewares/Third_Party/FatFs/src/ff_gen_drv.c ****     path[1] = ':';
  52:../libDaisy/Middlewares/Third_Party/FatFs/src/ff_gen_drv.c ****     path[2] = '/';
  53:../libDaisy/Middlewares/Third_Party/FatFs/src/ff_gen_drv.c ****     path[3] = 0;
  54:../libDaisy/Middlewares/Third_Party/FatFs/src/ff_gen_drv.c ****     ret = 0;
  55:../libDaisy/Middlewares/Third_Party/FatFs/src/ff_gen_drv.c ****   }
  56:../libDaisy/Middlewares/Third_Party/FatFs/src/ff_gen_drv.c **** 
  57:../libDaisy/Middlewares/Third_Party/FatFs/src/ff_gen_drv.c ****   return ret;
  44              		.loc 1 57 3 is_stmt 1 view .LVU7
  58:../libDaisy/Middlewares/Third_Party/FatFs/src/ff_gen_drv.c **** }
  45              		.loc 1 58 1 is_stmt 0 view .LVU8
  46 000e 7047     		bx	lr
  47              	.LVL2:
  48              	.L9:
  49              	.LBB8:
  50              	.LBI8:
  39:../libDaisy/Middlewares/Third_Party/FatFs/src/ff_gen_drv.c **** {
  51              		.loc 1 39 9 is_stmt 1 view .LVU9
  52              	.LBB9:
  46:../libDaisy/Middlewares/Third_Party/FatFs/src/ff_gen_drv.c ****     disk.drv[disk.nbr] = drv;
  53              		.loc 1 46 5 view .LVU10
  54              	.LBE9:
ARM GAS  /var/folders/2p/02m_5p7958535cp2tpgps0400000gn/T//ccuqllo6.s 			page 3


  55              	.LBE8:
  40:../libDaisy/Middlewares/Third_Party/FatFs/src/ff_gen_drv.c ****   uint8_t ret = 1;
  56              		.loc 1 40 1 is_stmt 0 view .LVU11
  57 0010 00B5     		push	{lr}
  58              		.cfi_def_cfa_offset 4
  59              		.cfi_offset 14, -4
  60              	.LBB11:
  61              	.LBB10:
  46:../libDaisy/Middlewares/Third_Party/FatFs/src/ff_gen_drv.c ****     disk.drv[disk.nbr] = drv;
  62              		.loc 1 46 29 view .LVU12
  63 0012 93F80EC0 		ldrb	ip, [r3, #14]	@ zero_extendqisi2
  47:../libDaisy/Middlewares/Third_Party/FatFs/src/ff_gen_drv.c ****     disk.lun[disk.nbr] = lun;
  64              		.loc 1 47 18 view .LVU13
  65 0016 93F80EE0 		ldrb	lr, [r3, #14]	@ zero_extendqisi2
  46:../libDaisy/Middlewares/Third_Party/FatFs/src/ff_gen_drv.c ****     disk.drv[disk.nbr] = drv;
  66              		.loc 1 46 29 view .LVU14
  67 001a 5FFA8CFC 		uxtb	ip, ip
  47:../libDaisy/Middlewares/Third_Party/FatFs/src/ff_gen_drv.c ****     disk.lun[disk.nbr] = lun;
  68              		.loc 1 47 24 view .LVU15
  69 001e 03EB8E0E 		add	lr, r3, lr, lsl #2
  70 0022 CEF80400 		str	r0, [lr, #4]
  51:../libDaisy/Middlewares/Third_Party/FatFs/src/ff_gen_drv.c ****     path[2] = '/';
  71              		.loc 1 51 13 view .LVU16
  72 0026 4FF03A0E 		mov	lr, #58
  48:../libDaisy/Middlewares/Third_Party/FatFs/src/ff_gen_drv.c ****     DiskNum = disk.nbr++;
  73              		.loc 1 48 18 view .LVU17
  74 002a 987B     		ldrb	r0, [r3, #14]	@ zero_extendqisi2
  75              	.LVL3:
  48:../libDaisy/Middlewares/Third_Party/FatFs/src/ff_gen_drv.c ****     DiskNum = disk.nbr++;
  76              		.loc 1 48 24 view .LVU18
  77 002c 1844     		add	r0, r0, r3
  78              	.LVL4:
  48:../libDaisy/Middlewares/Third_Party/FatFs/src/ff_gen_drv.c ****     DiskNum = disk.nbr++;
  79              		.loc 1 48 24 view .LVU19
  80 002e 0273     		strb	r2, [r0, #12]
  49:../libDaisy/Middlewares/Third_Party/FatFs/src/ff_gen_drv.c ****     path[0] = DiskNum + '0';
  81              		.loc 1 49 19 view .LVU20
  82 0030 9A7B     		ldrb	r2, [r3, #14]	@ zero_extendqisi2
  83              	.LVL5:
  49:../libDaisy/Middlewares/Third_Party/FatFs/src/ff_gen_drv.c ****     path[0] = DiskNum + '0';
  84              		.loc 1 49 23 view .LVU21
  85 0032 501C     		adds	r0, r2, #1
  86              	.LVL6:
  50:../libDaisy/Middlewares/Third_Party/FatFs/src/ff_gen_drv.c ****     path[1] = ':';
  87              		.loc 1 50 23 view .LVU22
  88 0034 3032     		adds	r2, r2, #48
  89              	.LVL7:
  49:../libDaisy/Middlewares/Third_Party/FatFs/src/ff_gen_drv.c ****     path[0] = DiskNum + '0';
  90              		.loc 1 49 23 view .LVU23
  91 0036 C0B2     		uxtb	r0, r0
  92 0038 9873     		strb	r0, [r3, #14]
  46:../libDaisy/Middlewares/Third_Party/FatFs/src/ff_gen_drv.c ****     disk.drv[disk.nbr] = drv;
  93              		.loc 1 46 35 view .LVU24
  94 003a 0020     		movs	r0, #0
  95 003c 03F80C00 		strb	r0, [r3, ip]
  47:../libDaisy/Middlewares/Third_Party/FatFs/src/ff_gen_drv.c ****     disk.lun[disk.nbr] = lun;
  96              		.loc 1 47 5 is_stmt 1 view .LVU25
ARM GAS  /var/folders/2p/02m_5p7958535cp2tpgps0400000gn/T//ccuqllo6.s 			page 4


  48:../libDaisy/Middlewares/Third_Party/FatFs/src/ff_gen_drv.c ****     DiskNum = disk.nbr++;
  97              		.loc 1 48 5 view .LVU26
  49:../libDaisy/Middlewares/Third_Party/FatFs/src/ff_gen_drv.c ****     path[0] = DiskNum + '0';
  98              		.loc 1 49 5 view .LVU27
  99              	.LVL8:
  50:../libDaisy/Middlewares/Third_Party/FatFs/src/ff_gen_drv.c ****     path[1] = ':';
 100              		.loc 1 50 5 view .LVU28
  52:../libDaisy/Middlewares/Third_Party/FatFs/src/ff_gen_drv.c ****     path[3] = 0;
 101              		.loc 1 52 13 is_stmt 0 view .LVU29
 102 0040 2F23     		movs	r3, #47
 103              	.LVL9:
  53:../libDaisy/Middlewares/Third_Party/FatFs/src/ff_gen_drv.c ****     ret = 0;
 104              		.loc 1 53 13 view .LVU30
 105 0042 C870     		strb	r0, [r1, #3]
 106              	.LVL10:
  50:../libDaisy/Middlewares/Third_Party/FatFs/src/ff_gen_drv.c ****     path[1] = ':';
 107              		.loc 1 50 13 view .LVU31
 108 0044 0A70     		strb	r2, [r1]
  51:../libDaisy/Middlewares/Third_Party/FatFs/src/ff_gen_drv.c ****     path[2] = '/';
 109              		.loc 1 51 5 is_stmt 1 view .LVU32
  51:../libDaisy/Middlewares/Third_Party/FatFs/src/ff_gen_drv.c ****     path[2] = '/';
 110              		.loc 1 51 13 is_stmt 0 view .LVU33
 111 0046 81F801E0 		strb	lr, [r1, #1]
  52:../libDaisy/Middlewares/Third_Party/FatFs/src/ff_gen_drv.c ****     path[3] = 0;
 112              		.loc 1 52 5 is_stmt 1 view .LVU34
  52:../libDaisy/Middlewares/Third_Party/FatFs/src/ff_gen_drv.c ****     path[3] = 0;
 113              		.loc 1 52 13 is_stmt 0 view .LVU35
 114 004a 8B70     		strb	r3, [r1, #2]
  53:../libDaisy/Middlewares/Third_Party/FatFs/src/ff_gen_drv.c ****     ret = 0;
 115              		.loc 1 53 5 is_stmt 1 view .LVU36
  54:../libDaisy/Middlewares/Third_Party/FatFs/src/ff_gen_drv.c ****   }
 116              		.loc 1 54 5 view .LVU37
 117              	.LVL11:
  57:../libDaisy/Middlewares/Third_Party/FatFs/src/ff_gen_drv.c **** }
 118              		.loc 1 57 3 view .LVU38
  57:../libDaisy/Middlewares/Third_Party/FatFs/src/ff_gen_drv.c **** }
 119              		.loc 1 57 3 is_stmt 0 view .LVU39
 120              	.LBE10:
 121              	.LBE11:
  57:../libDaisy/Middlewares/Third_Party/FatFs/src/ff_gen_drv.c **** }
 122              		.loc 1 57 3 is_stmt 1 view .LVU40
 123              		.loc 1 58 1 is_stmt 0 view .LVU41
 124 004c 5DF804FB 		ldr	pc, [sp], #4
 125              	.L11:
 126              		.align	2
 127              	.L10:
 128 0050 00000000 		.word	.LANCHOR0
 129              		.cfi_endproc
 130              	.LFE320:
 132              		.section	.text.FATFS_LinkDriver,"ax",%progbits
 133              		.align	1
 134              		.p2align 2,,3
 135              		.global	FATFS_LinkDriver
 136              		.syntax unified
 137              		.thumb
 138              		.thumb_func
 140              	FATFS_LinkDriver:
ARM GAS  /var/folders/2p/02m_5p7958535cp2tpgps0400000gn/T//ccuqllo6.s 			page 5


 141              	.LVL12:
 142              	.LFB321:
  59:../libDaisy/Middlewares/Third_Party/FatFs/src/ff_gen_drv.c **** 
  60:../libDaisy/Middlewares/Third_Party/FatFs/src/ff_gen_drv.c **** /**
  61:../libDaisy/Middlewares/Third_Party/FatFs/src/ff_gen_drv.c ****   * @brief  Links a compatible diskio driver and increments the number of active
  62:../libDaisy/Middlewares/Third_Party/FatFs/src/ff_gen_drv.c ****   *         linked drivers.
  63:../libDaisy/Middlewares/Third_Party/FatFs/src/ff_gen_drv.c ****   * @note   The number of linked drivers (volumes) is up to 10 due to FatFs limits
  64:../libDaisy/Middlewares/Third_Party/FatFs/src/ff_gen_drv.c ****   * @param  drv: pointer to the disk IO Driver structure
  65:../libDaisy/Middlewares/Third_Party/FatFs/src/ff_gen_drv.c ****   * @param  path: pointer to the logical drive path
  66:../libDaisy/Middlewares/Third_Party/FatFs/src/ff_gen_drv.c ****   * @retval Returns 0 in case of success, otherwise 1.
  67:../libDaisy/Middlewares/Third_Party/FatFs/src/ff_gen_drv.c ****   */
  68:../libDaisy/Middlewares/Third_Party/FatFs/src/ff_gen_drv.c **** uint8_t FATFS_LinkDriver(const Diskio_drvTypeDef *drv, char *path)
  69:../libDaisy/Middlewares/Third_Party/FatFs/src/ff_gen_drv.c **** {
 143              		.loc 1 69 1 is_stmt 1 view -0
 144              		.cfi_startproc
 145              		@ args = 0, pretend = 0, frame = 0
 146              		@ frame_needed = 0, uses_anonymous_args = 0
 147              		@ link register save eliminated.
  70:../libDaisy/Middlewares/Third_Party/FatFs/src/ff_gen_drv.c ****   return FATFS_LinkDriverEx(drv, path, 0);
 148              		.loc 1 70 3 view .LVU43
 149              	.LBB16:
 150              	.LBB17:
  44:../libDaisy/Middlewares/Third_Party/FatFs/src/ff_gen_drv.c ****   {
 151              		.loc 1 44 10 is_stmt 0 view .LVU44
 152 0000 144B     		ldr	r3, .L16
 153 0002 9A7B     		ldrb	r2, [r3, #14]	@ zero_extendqisi2
 154              	.LVL13:
  44:../libDaisy/Middlewares/Third_Party/FatFs/src/ff_gen_drv.c ****   {
 155              		.loc 1 44 10 view .LVU45
 156              	.LBE17:
 157              	.LBI16:
  39:../libDaisy/Middlewares/Third_Party/FatFs/src/ff_gen_drv.c **** {
 158              		.loc 1 39 9 is_stmt 1 view .LVU46
 159              	.LBB20:
  41:../libDaisy/Middlewares/Third_Party/FatFs/src/ff_gen_drv.c ****   uint8_t DiskNum = 0;
 160              		.loc 1 41 3 view .LVU47
  42:../libDaisy/Middlewares/Third_Party/FatFs/src/ff_gen_drv.c **** 
 161              		.loc 1 42 3 view .LVU48
  44:../libDaisy/Middlewares/Third_Party/FatFs/src/ff_gen_drv.c ****   {
 162              		.loc 1 44 3 view .LVU49
  44:../libDaisy/Middlewares/Third_Party/FatFs/src/ff_gen_drv.c ****   {
 163              		.loc 1 44 5 is_stmt 0 view .LVU50
 164 0004 012A     		cmp	r2, #1
 165 0006 01D9     		bls	.L15
  41:../libDaisy/Middlewares/Third_Party/FatFs/src/ff_gen_drv.c ****   uint8_t DiskNum = 0;
 166              		.loc 1 41 11 view .LVU51
 167 0008 0120     		movs	r0, #1
 168              	.LVL14:
  57:../libDaisy/Middlewares/Third_Party/FatFs/src/ff_gen_drv.c **** }
 169              		.loc 1 57 3 is_stmt 1 view .LVU52
  57:../libDaisy/Middlewares/Third_Party/FatFs/src/ff_gen_drv.c **** }
 170              		.loc 1 57 3 is_stmt 0 view .LVU53
 171              	.LBE20:
 172              	.LBE16:
  71:../libDaisy/Middlewares/Third_Party/FatFs/src/ff_gen_drv.c **** }
 173              		.loc 1 71 1 view .LVU54
 174 000a 7047     		bx	lr
ARM GAS  /var/folders/2p/02m_5p7958535cp2tpgps0400000gn/T//ccuqllo6.s 			page 6


 175              	.LVL15:
 176              	.L15:
 177              	.LBB22:
 178              	.LBB21:
 179              	.LBB18:
 180              	.LBI18:
  39:../libDaisy/Middlewares/Third_Party/FatFs/src/ff_gen_drv.c **** {
 181              		.loc 1 39 9 is_stmt 1 view .LVU55
 182              	.LBB19:
  46:../libDaisy/Middlewares/Third_Party/FatFs/src/ff_gen_drv.c ****     disk.drv[disk.nbr] = drv;
 183              		.loc 1 46 5 view .LVU56
  46:../libDaisy/Middlewares/Third_Party/FatFs/src/ff_gen_drv.c ****     disk.drv[disk.nbr] = drv;
 184              		.loc 1 46 29 is_stmt 0 view .LVU57
 185 000c 93F80EC0 		ldrb	ip, [r3, #14]	@ zero_extendqisi2
  46:../libDaisy/Middlewares/Third_Party/FatFs/src/ff_gen_drv.c ****     disk.drv[disk.nbr] = drv;
 186              		.loc 1 46 35 view .LVU58
 187 0010 0022     		movs	r2, #0
  46:../libDaisy/Middlewares/Third_Party/FatFs/src/ff_gen_drv.c ****     disk.drv[disk.nbr] = drv;
 188              		.loc 1 46 29 view .LVU59
 189 0012 5FFA8CFC 		uxtb	ip, ip
  46:../libDaisy/Middlewares/Third_Party/FatFs/src/ff_gen_drv.c ****     disk.drv[disk.nbr] = drv;
 190              		.loc 1 46 35 view .LVU60
 191 0016 03F80C20 		strb	r2, [r3, ip]
  47:../libDaisy/Middlewares/Third_Party/FatFs/src/ff_gen_drv.c ****     disk.lun[disk.nbr] = lun;
 192              		.loc 1 47 5 is_stmt 1 view .LVU61
  47:../libDaisy/Middlewares/Third_Party/FatFs/src/ff_gen_drv.c ****     disk.lun[disk.nbr] = lun;
 193              		.loc 1 47 18 is_stmt 0 view .LVU62
 194 001a 93F80EC0 		ldrb	ip, [r3, #14]	@ zero_extendqisi2
  47:../libDaisy/Middlewares/Third_Party/FatFs/src/ff_gen_drv.c ****     disk.lun[disk.nbr] = lun;
 195              		.loc 1 47 24 view .LVU63
 196 001e 03EB8C0C 		add	ip, r3, ip, lsl #2
 197 0022 CCF80400 		str	r0, [ip, #4]
  48:../libDaisy/Middlewares/Third_Party/FatFs/src/ff_gen_drv.c ****     DiskNum = disk.nbr++;
 198              		.loc 1 48 5 is_stmt 1 view .LVU64
  48:../libDaisy/Middlewares/Third_Party/FatFs/src/ff_gen_drv.c ****     DiskNum = disk.nbr++;
 199              		.loc 1 48 18 is_stmt 0 view .LVU65
 200 0026 93F80EC0 		ldrb	ip, [r3, #14]	@ zero_extendqisi2
  49:../libDaisy/Middlewares/Third_Party/FatFs/src/ff_gen_drv.c ****     path[0] = DiskNum + '0';
 201              		.loc 1 49 19 view .LVU66
 202 002a 987B     		ldrb	r0, [r3, #14]	@ zero_extendqisi2
 203              	.LVL16:
  48:../libDaisy/Middlewares/Third_Party/FatFs/src/ff_gen_drv.c ****     DiskNum = disk.nbr++;
 204              		.loc 1 48 24 view .LVU67
 205 002c 9C44     		add	ip, ip, r3
 206 002e 8CF80C20 		strb	r2, [ip, #12]
  49:../libDaisy/Middlewares/Third_Party/FatFs/src/ff_gen_drv.c ****     path[0] = DiskNum + '0';
 207              		.loc 1 49 5 is_stmt 1 view .LVU68
  49:../libDaisy/Middlewares/Third_Party/FatFs/src/ff_gen_drv.c ****     path[0] = DiskNum + '0';
 208              		.loc 1 49 23 is_stmt 0 view .LVU69
 209 0032 00F1010C 		add	ip, r0, #1
  50:../libDaisy/Middlewares/Third_Party/FatFs/src/ff_gen_drv.c ****     path[1] = ':';
 210              		.loc 1 50 23 view .LVU70
 211 0036 3030     		adds	r0, r0, #48
 212              	.LVL17:
  49:../libDaisy/Middlewares/Third_Party/FatFs/src/ff_gen_drv.c ****     path[0] = DiskNum + '0';
 213              		.loc 1 49 23 view .LVU71
 214 0038 5FFA8CFC 		uxtb	ip, ip
ARM GAS  /var/folders/2p/02m_5p7958535cp2tpgps0400000gn/T//ccuqllo6.s 			page 7


 215 003c 83F80EC0 		strb	ip, [r3, #14]
 216              	.LVL18:
  50:../libDaisy/Middlewares/Third_Party/FatFs/src/ff_gen_drv.c ****     path[1] = ':';
 217              		.loc 1 50 5 is_stmt 1 view .LVU72
  51:../libDaisy/Middlewares/Third_Party/FatFs/src/ff_gen_drv.c ****     path[2] = '/';
 218              		.loc 1 51 13 is_stmt 0 view .LVU73
 219 0040 4FF03A0C 		mov	ip, #58
  52:../libDaisy/Middlewares/Third_Party/FatFs/src/ff_gen_drv.c ****     path[3] = 0;
 220              		.loc 1 52 13 view .LVU74
 221 0044 2F23     		movs	r3, #47
 222              	.LVL19:
  50:../libDaisy/Middlewares/Third_Party/FatFs/src/ff_gen_drv.c ****     path[1] = ':';
 223              		.loc 1 50 13 view .LVU75
 224 0046 0870     		strb	r0, [r1]
 225              	.LVL20:
  51:../libDaisy/Middlewares/Third_Party/FatFs/src/ff_gen_drv.c ****     path[2] = '/';
 226              		.loc 1 51 5 is_stmt 1 view .LVU76
  51:../libDaisy/Middlewares/Third_Party/FatFs/src/ff_gen_drv.c ****     path[2] = '/';
 227              		.loc 1 51 13 is_stmt 0 view .LVU77
 228 0048 81F801C0 		strb	ip, [r1, #1]
  52:../libDaisy/Middlewares/Third_Party/FatFs/src/ff_gen_drv.c ****     path[3] = 0;
 229              		.loc 1 52 5 is_stmt 1 view .LVU78
  53:../libDaisy/Middlewares/Third_Party/FatFs/src/ff_gen_drv.c ****     ret = 0;
 230              		.loc 1 53 13 is_stmt 0 view .LVU79
 231 004c 1046     		mov	r0, r2
 232              	.LVL21:
  52:../libDaisy/Middlewares/Third_Party/FatFs/src/ff_gen_drv.c ****     path[3] = 0;
 233              		.loc 1 52 13 view .LVU80
 234 004e 8B70     		strb	r3, [r1, #2]
  53:../libDaisy/Middlewares/Third_Party/FatFs/src/ff_gen_drv.c ****     ret = 0;
 235              		.loc 1 53 5 is_stmt 1 view .LVU81
  53:../libDaisy/Middlewares/Third_Party/FatFs/src/ff_gen_drv.c ****     ret = 0;
 236              		.loc 1 53 13 is_stmt 0 view .LVU82
 237 0050 CA70     		strb	r2, [r1, #3]
  54:../libDaisy/Middlewares/Third_Party/FatFs/src/ff_gen_drv.c ****   }
 238              		.loc 1 54 5 is_stmt 1 view .LVU83
 239              	.LVL22:
  57:../libDaisy/Middlewares/Third_Party/FatFs/src/ff_gen_drv.c **** }
 240              		.loc 1 57 3 view .LVU84
  57:../libDaisy/Middlewares/Third_Party/FatFs/src/ff_gen_drv.c **** }
 241              		.loc 1 57 3 is_stmt 0 view .LVU85
 242 0052 7047     		bx	lr
 243              	.L17:
 244              		.align	2
 245              	.L16:
 246 0054 00000000 		.word	.LANCHOR0
 247              	.LBE19:
 248              	.LBE18:
 249              	.LBE21:
 250              	.LBE22:
 251              		.cfi_endproc
 252              	.LFE321:
 254              		.section	.text.FATFS_UnLinkDriverEx,"ax",%progbits
 255              		.align	1
 256              		.p2align 2,,3
 257              		.global	FATFS_UnLinkDriverEx
 258              		.syntax unified
ARM GAS  /var/folders/2p/02m_5p7958535cp2tpgps0400000gn/T//ccuqllo6.s 			page 8


 259              		.thumb
 260              		.thumb_func
 262              	FATFS_UnLinkDriverEx:
 263              	.LVL23:
 264              	.LFB322:
  72:../libDaisy/Middlewares/Third_Party/FatFs/src/ff_gen_drv.c **** 
  73:../libDaisy/Middlewares/Third_Party/FatFs/src/ff_gen_drv.c **** /**
  74:../libDaisy/Middlewares/Third_Party/FatFs/src/ff_gen_drv.c ****   * @brief  Unlinks a diskio driver and decrements the number of active linked
  75:../libDaisy/Middlewares/Third_Party/FatFs/src/ff_gen_drv.c ****   *         drivers.
  76:../libDaisy/Middlewares/Third_Party/FatFs/src/ff_gen_drv.c ****   * @param  path: pointer to the logical drive path
  77:../libDaisy/Middlewares/Third_Party/FatFs/src/ff_gen_drv.c ****   * @param  lun : not used
  78:../libDaisy/Middlewares/Third_Party/FatFs/src/ff_gen_drv.c ****   * @retval Returns 0 in case of success, otherwise 1.
  79:../libDaisy/Middlewares/Third_Party/FatFs/src/ff_gen_drv.c ****   */
  80:../libDaisy/Middlewares/Third_Party/FatFs/src/ff_gen_drv.c **** uint8_t FATFS_UnLinkDriverEx(char *path, uint8_t lun)
  81:../libDaisy/Middlewares/Third_Party/FatFs/src/ff_gen_drv.c **** {
 265              		.loc 1 81 1 is_stmt 1 view -0
 266              		.cfi_startproc
 267              		@ args = 0, pretend = 0, frame = 0
 268              		@ frame_needed = 0, uses_anonymous_args = 0
 269              		@ link register save eliminated.
  82:../libDaisy/Middlewares/Third_Party/FatFs/src/ff_gen_drv.c ****   uint8_t DiskNum = 0;
 270              		.loc 1 82 3 view .LVU87
  83:../libDaisy/Middlewares/Third_Party/FatFs/src/ff_gen_drv.c ****   uint8_t ret = 1;
 271              		.loc 1 83 3 view .LVU88
  84:../libDaisy/Middlewares/Third_Party/FatFs/src/ff_gen_drv.c **** 
  85:../libDaisy/Middlewares/Third_Party/FatFs/src/ff_gen_drv.c ****   if(disk.nbr >= 1)
 272              		.loc 1 85 3 view .LVU89
 273              		.loc 1 85 10 is_stmt 0 view .LVU90
 274 0000 0C4A     		ldr	r2, .L26
 275 0002 937B     		ldrb	r3, [r2, #14]	@ zero_extendqisi2
 276              		.loc 1 85 5 view .LVU91
 277 0004 9BB1     		cbz	r3, .L21
 278              	.LBB25:
 279              	.LBI25:
  80:../libDaisy/Middlewares/Third_Party/FatFs/src/ff_gen_drv.c **** {
 280              		.loc 1 80 9 is_stmt 1 view .LVU92
 281              	.LVL24:
 282              	.LBB26:
  86:../libDaisy/Middlewares/Third_Party/FatFs/src/ff_gen_drv.c ****   {
  87:../libDaisy/Middlewares/Third_Party/FatFs/src/ff_gen_drv.c ****     DiskNum = path[0] - '0';
 283              		.loc 1 87 5 view .LVU93
  88:../libDaisy/Middlewares/Third_Party/FatFs/src/ff_gen_drv.c ****     if(disk.drv[DiskNum] != 0)
 284              		.loc 1 88 5 view .LVU94
  87:../libDaisy/Middlewares/Third_Party/FatFs/src/ff_gen_drv.c ****     if(disk.drv[DiskNum] != 0)
 285              		.loc 1 87 13 is_stmt 0 view .LVU95
 286 0006 0378     		ldrb	r3, [r0]	@ zero_extendqisi2
 287 0008 303B     		subs	r3, r3, #48
 288              		.loc 1 88 16 view .LVU96
 289 000a DBB2     		uxtb	r3, r3
 290 000c 02EB8300 		add	r0, r2, r3, lsl #2
 291              	.LVL25:
 292              		.loc 1 88 7 view .LVU97
 293 0010 4168     		ldr	r1, [r0, #4]
 294              	.LVL26:
 295              		.loc 1 88 7 view .LVU98
 296 0012 61B1     		cbz	r1, .L21
  89:../libDaisy/Middlewares/Third_Party/FatFs/src/ff_gen_drv.c ****     {
ARM GAS  /var/folders/2p/02m_5p7958535cp2tpgps0400000gn/T//ccuqllo6.s 			page 9


  90:../libDaisy/Middlewares/Third_Party/FatFs/src/ff_gen_drv.c ****       disk.drv[DiskNum] = 0;
 297              		.loc 1 90 7 is_stmt 1 view .LVU99
  91:../libDaisy/Middlewares/Third_Party/FatFs/src/ff_gen_drv.c ****       disk.lun[DiskNum] = 0;
 298              		.loc 1 91 25 is_stmt 0 view .LVU100
 299 0014 1344     		add	r3, r3, r2
 300              	.LBE26:
 301              	.LBE25:
  81:../libDaisy/Middlewares/Third_Party/FatFs/src/ff_gen_drv.c ****   uint8_t DiskNum = 0;
 302              		.loc 1 81 1 view .LVU101
 303 0016 10B4     		push	{r4}
 304              		.cfi_def_cfa_offset 4
 305              		.cfi_offset 4, -4
 306              	.LBB28:
 307              	.LBB27:
  92:../libDaisy/Middlewares/Third_Party/FatFs/src/ff_gen_drv.c ****       disk.nbr--;
 308              		.loc 1 92 11 view .LVU102
 309 0018 917B     		ldrb	r1, [r2, #14]	@ zero_extendqisi2
  90:../libDaisy/Middlewares/Third_Party/FatFs/src/ff_gen_drv.c ****       disk.lun[DiskNum] = 0;
 310              		.loc 1 90 25 view .LVU103
 311 001a 0024     		movs	r4, #0
 312              		.loc 1 92 15 view .LVU104
 313 001c 0139     		subs	r1, r1, #1
  91:../libDaisy/Middlewares/Third_Party/FatFs/src/ff_gen_drv.c ****       disk.nbr--;
 314              		.loc 1 91 25 view .LVU105
 315 001e 1C73     		strb	r4, [r3, #12]
 316              	.LVL27:
  90:../libDaisy/Middlewares/Third_Party/FatFs/src/ff_gen_drv.c ****       disk.lun[DiskNum] = 0;
 317              		.loc 1 90 25 view .LVU106
 318 0020 4460     		str	r4, [r0, #4]
  91:../libDaisy/Middlewares/Third_Party/FatFs/src/ff_gen_drv.c ****       disk.nbr--;
 319              		.loc 1 91 7 is_stmt 1 view .LVU107
 320              		.loc 1 92 7 view .LVU108
  93:../libDaisy/Middlewares/Third_Party/FatFs/src/ff_gen_drv.c ****       ret = 0;
 321              		.loc 1 93 11 is_stmt 0 view .LVU109
 322 0022 2046     		mov	r0, r4
  92:../libDaisy/Middlewares/Third_Party/FatFs/src/ff_gen_drv.c ****       ret = 0;
 323              		.loc 1 92 15 view .LVU110
 324 0024 CBB2     		uxtb	r3, r1
 325 0026 9373     		strb	r3, [r2, #14]
 326              		.loc 1 93 7 is_stmt 1 view .LVU111
 327              	.LVL28:
 328              		.loc 1 93 7 is_stmt 0 view .LVU112
 329              	.LBE27:
 330              	.LBE28:
  94:../libDaisy/Middlewares/Third_Party/FatFs/src/ff_gen_drv.c ****     }
  95:../libDaisy/Middlewares/Third_Party/FatFs/src/ff_gen_drv.c ****   }
  96:../libDaisy/Middlewares/Third_Party/FatFs/src/ff_gen_drv.c **** 
  97:../libDaisy/Middlewares/Third_Party/FatFs/src/ff_gen_drv.c ****   return ret;
 331              		.loc 1 97 3 is_stmt 1 view .LVU113
  98:../libDaisy/Middlewares/Third_Party/FatFs/src/ff_gen_drv.c **** }
 332              		.loc 1 98 1 is_stmt 0 view .LVU114
 333 0028 5DF8044B 		ldr	r4, [sp], #4
 334              		.cfi_restore 4
 335              		.cfi_def_cfa_offset 0
 336 002c 7047     		bx	lr
 337              	.LVL29:
 338              	.L21:
ARM GAS  /var/folders/2p/02m_5p7958535cp2tpgps0400000gn/T//ccuqllo6.s 			page 10


  83:../libDaisy/Middlewares/Third_Party/FatFs/src/ff_gen_drv.c **** 
 339              		.loc 1 83 11 view .LVU115
 340 002e 0120     		movs	r0, #1
 341              	.LVL30:
  97:../libDaisy/Middlewares/Third_Party/FatFs/src/ff_gen_drv.c **** }
 342              		.loc 1 97 3 is_stmt 1 view .LVU116
 343              		.loc 1 98 1 is_stmt 0 view .LVU117
 344 0030 7047     		bx	lr
 345              	.L27:
 346 0032 00BF     		.align	2
 347              	.L26:
 348 0034 00000000 		.word	.LANCHOR0
 349              		.cfi_endproc
 350              	.LFE322:
 352              		.section	.text.FATFS_UnLinkDriver,"ax",%progbits
 353              		.align	1
 354              		.p2align 2,,3
 355              		.global	FATFS_UnLinkDriver
 356              		.syntax unified
 357              		.thumb
 358              		.thumb_func
 360              	FATFS_UnLinkDriver:
 361              	.LVL31:
 362              	.LFB323:
  99:../libDaisy/Middlewares/Third_Party/FatFs/src/ff_gen_drv.c **** 
 100:../libDaisy/Middlewares/Third_Party/FatFs/src/ff_gen_drv.c **** /**
 101:../libDaisy/Middlewares/Third_Party/FatFs/src/ff_gen_drv.c ****   * @brief  Unlinks a diskio driver and decrements the number of active linked
 102:../libDaisy/Middlewares/Third_Party/FatFs/src/ff_gen_drv.c ****   *         drivers.
 103:../libDaisy/Middlewares/Third_Party/FatFs/src/ff_gen_drv.c ****   * @param  path: pointer to the logical drive path
 104:../libDaisy/Middlewares/Third_Party/FatFs/src/ff_gen_drv.c ****   * @retval Returns 0 in case of success, otherwise 1.
 105:../libDaisy/Middlewares/Third_Party/FatFs/src/ff_gen_drv.c ****   */
 106:../libDaisy/Middlewares/Third_Party/FatFs/src/ff_gen_drv.c **** uint8_t FATFS_UnLinkDriver(char *path)
 107:../libDaisy/Middlewares/Third_Party/FatFs/src/ff_gen_drv.c **** {
 363              		.loc 1 107 1 is_stmt 1 view -0
 364              		.cfi_startproc
 365              		@ args = 0, pretend = 0, frame = 0
 366              		@ frame_needed = 0, uses_anonymous_args = 0
 367              		@ link register save eliminated.
 108:../libDaisy/Middlewares/Third_Party/FatFs/src/ff_gen_drv.c ****   return FATFS_UnLinkDriverEx(path, 0);
 368              		.loc 1 108 3 view .LVU119
 369              	.LBB33:
 370              	.LBB34:
  85:../libDaisy/Middlewares/Third_Party/FatFs/src/ff_gen_drv.c ****   {
 371              		.loc 1 85 10 is_stmt 0 view .LVU120
 372 0000 0C4A     		ldr	r2, .L36
 373 0002 937B     		ldrb	r3, [r2, #14]	@ zero_extendqisi2
 374              	.LVL32:
  85:../libDaisy/Middlewares/Third_Party/FatFs/src/ff_gen_drv.c ****   {
 375              		.loc 1 85 10 view .LVU121
 376              	.LBE34:
 377              	.LBI33:
  80:../libDaisy/Middlewares/Third_Party/FatFs/src/ff_gen_drv.c **** {
 378              		.loc 1 80 9 is_stmt 1 view .LVU122
 379              	.LBB39:
  82:../libDaisy/Middlewares/Third_Party/FatFs/src/ff_gen_drv.c ****   uint8_t ret = 1;
 380              		.loc 1 82 3 view .LVU123
  83:../libDaisy/Middlewares/Third_Party/FatFs/src/ff_gen_drv.c **** 
ARM GAS  /var/folders/2p/02m_5p7958535cp2tpgps0400000gn/T//ccuqllo6.s 			page 11


 381              		.loc 1 83 3 view .LVU124
  85:../libDaisy/Middlewares/Third_Party/FatFs/src/ff_gen_drv.c ****   {
 382              		.loc 1 85 3 view .LVU125
  85:../libDaisy/Middlewares/Third_Party/FatFs/src/ff_gen_drv.c ****   {
 383              		.loc 1 85 5 is_stmt 0 view .LVU126
 384 0004 9BB1     		cbz	r3, .L31
 385              	.LBB35:
 386              	.LBI35:
  80:../libDaisy/Middlewares/Third_Party/FatFs/src/ff_gen_drv.c **** {
 387              		.loc 1 80 9 is_stmt 1 view .LVU127
 388              	.LVL33:
 389              	.LBB36:
  87:../libDaisy/Middlewares/Third_Party/FatFs/src/ff_gen_drv.c ****     if(disk.drv[DiskNum] != 0)
 390              		.loc 1 87 5 view .LVU128
  88:../libDaisy/Middlewares/Third_Party/FatFs/src/ff_gen_drv.c ****     {
 391              		.loc 1 88 5 view .LVU129
  87:../libDaisy/Middlewares/Third_Party/FatFs/src/ff_gen_drv.c ****     if(disk.drv[DiskNum] != 0)
 392              		.loc 1 87 13 is_stmt 0 view .LVU130
 393 0006 0378     		ldrb	r3, [r0]	@ zero_extendqisi2
 394 0008 303B     		subs	r3, r3, #48
  88:../libDaisy/Middlewares/Third_Party/FatFs/src/ff_gen_drv.c ****     {
 395              		.loc 1 88 16 view .LVU131
 396 000a DBB2     		uxtb	r3, r3
 397 000c 02EB8300 		add	r0, r2, r3, lsl #2
 398              	.LVL34:
  88:../libDaisy/Middlewares/Third_Party/FatFs/src/ff_gen_drv.c ****     {
 399              		.loc 1 88 7 view .LVU132
 400 0010 4168     		ldr	r1, [r0, #4]
 401 0012 61B1     		cbz	r1, .L31
  90:../libDaisy/Middlewares/Third_Party/FatFs/src/ff_gen_drv.c ****       disk.lun[DiskNum] = 0;
 402              		.loc 1 90 7 is_stmt 1 view .LVU133
  91:../libDaisy/Middlewares/Third_Party/FatFs/src/ff_gen_drv.c ****       disk.nbr--;
 403              		.loc 1 91 25 is_stmt 0 view .LVU134
 404 0014 1344     		add	r3, r3, r2
 405              	.LBE36:
 406              	.LBE35:
 407              	.LBE39:
 408              	.LBE33:
 107:../libDaisy/Middlewares/Third_Party/FatFs/src/ff_gen_drv.c ****   return FATFS_UnLinkDriverEx(path, 0);
 409              		.loc 1 107 1 view .LVU135
 410 0016 10B4     		push	{r4}
 411              		.cfi_def_cfa_offset 4
 412              		.cfi_offset 4, -4
 413              	.LBB42:
 414              	.LBB40:
 415              	.LBB38:
 416              	.LBB37:
  92:../libDaisy/Middlewares/Third_Party/FatFs/src/ff_gen_drv.c ****       ret = 0;
 417              		.loc 1 92 11 view .LVU136
 418 0018 917B     		ldrb	r1, [r2, #14]	@ zero_extendqisi2
  90:../libDaisy/Middlewares/Third_Party/FatFs/src/ff_gen_drv.c ****       disk.lun[DiskNum] = 0;
 419              		.loc 1 90 25 view .LVU137
 420 001a 0024     		movs	r4, #0
  92:../libDaisy/Middlewares/Third_Party/FatFs/src/ff_gen_drv.c ****       ret = 0;
 421              		.loc 1 92 15 view .LVU138
 422 001c 0139     		subs	r1, r1, #1
  91:../libDaisy/Middlewares/Third_Party/FatFs/src/ff_gen_drv.c ****       disk.nbr--;
ARM GAS  /var/folders/2p/02m_5p7958535cp2tpgps0400000gn/T//ccuqllo6.s 			page 12


 423              		.loc 1 91 25 view .LVU139
 424 001e 1C73     		strb	r4, [r3, #12]
 425              	.LVL35:
  90:../libDaisy/Middlewares/Third_Party/FatFs/src/ff_gen_drv.c ****       disk.lun[DiskNum] = 0;
 426              		.loc 1 90 25 view .LVU140
 427 0020 4460     		str	r4, [r0, #4]
  91:../libDaisy/Middlewares/Third_Party/FatFs/src/ff_gen_drv.c ****       disk.nbr--;
 428              		.loc 1 91 7 is_stmt 1 view .LVU141
  92:../libDaisy/Middlewares/Third_Party/FatFs/src/ff_gen_drv.c ****       ret = 0;
 429              		.loc 1 92 7 view .LVU142
  93:../libDaisy/Middlewares/Third_Party/FatFs/src/ff_gen_drv.c ****     }
 430              		.loc 1 93 11 is_stmt 0 view .LVU143
 431 0022 2046     		mov	r0, r4
  92:../libDaisy/Middlewares/Third_Party/FatFs/src/ff_gen_drv.c ****       ret = 0;
 432              		.loc 1 92 15 view .LVU144
 433 0024 CBB2     		uxtb	r3, r1
 434 0026 9373     		strb	r3, [r2, #14]
  93:../libDaisy/Middlewares/Third_Party/FatFs/src/ff_gen_drv.c ****     }
 435              		.loc 1 93 7 is_stmt 1 view .LVU145
 436              	.LVL36:
  93:../libDaisy/Middlewares/Third_Party/FatFs/src/ff_gen_drv.c ****     }
 437              		.loc 1 93 7 is_stmt 0 view .LVU146
 438              	.LBE37:
 439              	.LBE38:
  97:../libDaisy/Middlewares/Third_Party/FatFs/src/ff_gen_drv.c **** }
 440              		.loc 1 97 3 is_stmt 1 view .LVU147
  97:../libDaisy/Middlewares/Third_Party/FatFs/src/ff_gen_drv.c **** }
 441              		.loc 1 97 3 is_stmt 0 view .LVU148
 442              	.LBE40:
 443              	.LBE42:
 109:../libDaisy/Middlewares/Third_Party/FatFs/src/ff_gen_drv.c **** }
 444              		.loc 1 109 1 view .LVU149
 445 0028 5DF8044B 		ldr	r4, [sp], #4
 446              		.cfi_restore 4
 447              		.cfi_def_cfa_offset 0
 448 002c 7047     		bx	lr
 449              	.LVL37:
 450              	.L31:
 451              	.LBB43:
 452              	.LBB41:
  83:../libDaisy/Middlewares/Third_Party/FatFs/src/ff_gen_drv.c **** 
 453              		.loc 1 83 11 view .LVU150
 454 002e 0120     		movs	r0, #1
 455              	.LVL38:
  97:../libDaisy/Middlewares/Third_Party/FatFs/src/ff_gen_drv.c **** }
 456              		.loc 1 97 3 is_stmt 1 view .LVU151
  97:../libDaisy/Middlewares/Third_Party/FatFs/src/ff_gen_drv.c **** }
 457              		.loc 1 97 3 is_stmt 0 view .LVU152
 458              	.LBE41:
 459              	.LBE43:
 460              		.loc 1 109 1 view .LVU153
 461 0030 7047     		bx	lr
 462              	.L37:
 463 0032 00BF     		.align	2
 464              	.L36:
 465 0034 00000000 		.word	.LANCHOR0
 466              		.cfi_endproc
ARM GAS  /var/folders/2p/02m_5p7958535cp2tpgps0400000gn/T//ccuqllo6.s 			page 13


 467              	.LFE323:
 469              		.section	.text.FATFS_GetAttachedDriversNbr,"ax",%progbits
 470              		.align	1
 471              		.p2align 2,,3
 472              		.global	FATFS_GetAttachedDriversNbr
 473              		.syntax unified
 474              		.thumb
 475              		.thumb_func
 477              	FATFS_GetAttachedDriversNbr:
 478              	.LFB324:
 110:../libDaisy/Middlewares/Third_Party/FatFs/src/ff_gen_drv.c **** 
 111:../libDaisy/Middlewares/Third_Party/FatFs/src/ff_gen_drv.c **** /**
 112:../libDaisy/Middlewares/Third_Party/FatFs/src/ff_gen_drv.c ****   * @brief  Gets number of linked drivers to the FatFs module.
 113:../libDaisy/Middlewares/Third_Party/FatFs/src/ff_gen_drv.c ****   * @param  None
 114:../libDaisy/Middlewares/Third_Party/FatFs/src/ff_gen_drv.c ****   * @retval Number of attached drivers.
 115:../libDaisy/Middlewares/Third_Party/FatFs/src/ff_gen_drv.c ****   */
 116:../libDaisy/Middlewares/Third_Party/FatFs/src/ff_gen_drv.c **** uint8_t FATFS_GetAttachedDriversNbr(void)
 117:../libDaisy/Middlewares/Third_Party/FatFs/src/ff_gen_drv.c **** {
 479              		.loc 1 117 1 is_stmt 1 view -0
 480              		.cfi_startproc
 481              		@ args = 0, pretend = 0, frame = 0
 482              		@ frame_needed = 0, uses_anonymous_args = 0
 483              		@ link register save eliminated.
 118:../libDaisy/Middlewares/Third_Party/FatFs/src/ff_gen_drv.c ****   return disk.nbr;
 484              		.loc 1 118 3 view .LVU155
 485              		.loc 1 118 14 is_stmt 0 view .LVU156
 486 0000 014B     		ldr	r3, .L39
 487 0002 987B     		ldrb	r0, [r3, #14]	@ zero_extendqisi2
 119:../libDaisy/Middlewares/Third_Party/FatFs/src/ff_gen_drv.c **** }
 488              		.loc 1 119 1 view .LVU157
 489 0004 7047     		bx	lr
 490              	.L40:
 491 0006 00BF     		.align	2
 492              	.L39:
 493 0008 00000000 		.word	.LANCHOR0
 494              		.cfi_endproc
 495              	.LFE324:
 497              		.global	disk
 498              		.section	.bss.disk,"aw",%nobits
 499              		.align	2
 500              		.set	.LANCHOR0,. + 0
 503              	disk:
 504 0000 00000000 		.space	16
 504      00000000 
 504      00000000 
 504      00000000 
 505              		.text
 506              	.Letext0:
 507              		.file 2 "/Library/DaisyToolchain/0.2.0/arm/arm-none-eabi/include/machine/_default_types.h"
 508              		.file 3 "/Library/DaisyToolchain/0.2.0/arm/arm-none-eabi/include/sys/_stdint.h"
 509              		.file 4 "../libDaisy/Middlewares/Third_Party/FatFs/src/integer.h"
 510              		.file 5 "../libDaisy/Middlewares/Third_Party/FatFs/src/diskio.h"
 511              		.file 6 "../libDaisy/Middlewares/Third_Party/FatFs/src/ff_gen_drv.h"
ARM GAS  /var/folders/2p/02m_5p7958535cp2tpgps0400000gn/T//ccuqllo6.s 			page 14


DEFINED SYMBOLS
                            *ABS*:0000000000000000 ff_gen_drv.c
/var/folders/2p/02m_5p7958535cp2tpgps0400000gn/T//ccuqllo6.s:17     .text.FATFS_LinkDriverEx:0000000000000000 $t
/var/folders/2p/02m_5p7958535cp2tpgps0400000gn/T//ccuqllo6.s:24     .text.FATFS_LinkDriverEx:0000000000000000 FATFS_LinkDriverEx
/var/folders/2p/02m_5p7958535cp2tpgps0400000gn/T//ccuqllo6.s:128    .text.FATFS_LinkDriverEx:0000000000000050 $d
/var/folders/2p/02m_5p7958535cp2tpgps0400000gn/T//ccuqllo6.s:133    .text.FATFS_LinkDriver:0000000000000000 $t
/var/folders/2p/02m_5p7958535cp2tpgps0400000gn/T//ccuqllo6.s:140    .text.FATFS_LinkDriver:0000000000000000 FATFS_LinkDriver
/var/folders/2p/02m_5p7958535cp2tpgps0400000gn/T//ccuqllo6.s:246    .text.FATFS_LinkDriver:0000000000000054 $d
/var/folders/2p/02m_5p7958535cp2tpgps0400000gn/T//ccuqllo6.s:255    .text.FATFS_UnLinkDriverEx:0000000000000000 $t
/var/folders/2p/02m_5p7958535cp2tpgps0400000gn/T//ccuqllo6.s:262    .text.FATFS_UnLinkDriverEx:0000000000000000 FATFS_UnLinkDriverEx
/var/folders/2p/02m_5p7958535cp2tpgps0400000gn/T//ccuqllo6.s:348    .text.FATFS_UnLinkDriverEx:0000000000000034 $d
/var/folders/2p/02m_5p7958535cp2tpgps0400000gn/T//ccuqllo6.s:353    .text.FATFS_UnLinkDriver:0000000000000000 $t
/var/folders/2p/02m_5p7958535cp2tpgps0400000gn/T//ccuqllo6.s:360    .text.FATFS_UnLinkDriver:0000000000000000 FATFS_UnLinkDriver
/var/folders/2p/02m_5p7958535cp2tpgps0400000gn/T//ccuqllo6.s:465    .text.FATFS_UnLinkDriver:0000000000000034 $d
/var/folders/2p/02m_5p7958535cp2tpgps0400000gn/T//ccuqllo6.s:470    .text.FATFS_GetAttachedDriversNbr:0000000000000000 $t
/var/folders/2p/02m_5p7958535cp2tpgps0400000gn/T//ccuqllo6.s:477    .text.FATFS_GetAttachedDriversNbr:0000000000000000 FATFS_GetAttachedDriversNbr
/var/folders/2p/02m_5p7958535cp2tpgps0400000gn/T//ccuqllo6.s:493    .text.FATFS_GetAttachedDriversNbr:0000000000000008 $d
/var/folders/2p/02m_5p7958535cp2tpgps0400000gn/T//ccuqllo6.s:503    .bss.disk:0000000000000000 disk
/var/folders/2p/02m_5p7958535cp2tpgps0400000gn/T//ccuqllo6.s:499    .bss.disk:0000000000000000 $d

NO UNDEFINED SYMBOLS
